<?xml version="1.0" encoding="UTF-8"?>
<testng-results skipped="0" failed="1" ignored="0" total="614" passed="613">
  <reporter-output>
  </reporter-output>
  <suite name="Command line suite" duration-ms="21984" started-at="2018-10-26T16:47:47Z" finished-at="2018-10-26T16:48:09Z">
    <groups>
    </groups>
    <test name="Command line test" duration-ms="21984" started-at="2018-10-26T16:47:47Z" finished-at="2018-10-26T16:48:09Z">
      <class name="com.api.task.tests.PlanetApiByIdTest">
        <test-method status="PASS" signature="testToVerifyApiResponseTimeForUrlById(java.lang.String)[pri:0, instance:com.api.task.tests.PlanetApiByIdTest@9f70c54]" name="testToVerifyApiResponseTimeForUrlById" duration-ms="402" started-at="2018-10-26T16:47:53Z" data-provider="apiUrls" finished-at="2018-10-26T16:47:54Z">
          <params>
            <param index="0">
              <value>
                <![CDATA[https://swapi.co/api/planets/2/]]>
              </value>
            </param>
          </params>
          <reporter-output>
          </reporter-output>
        </test-method> <!-- testToVerifyApiResponseTimeForUrlById -->
        <test-method status="PASS" signature="testToVerifyApiResponseTimeForUrlById(java.lang.String)[pri:0, instance:com.api.task.tests.PlanetApiByIdTest@9f70c54]" name="testToVerifyApiResponseTimeForUrlById" duration-ms="315" started-at="2018-10-26T16:47:54Z" data-provider="apiUrls" finished-at="2018-10-26T16:47:54Z">
          <params>
            <param index="0">
              <value>
                <![CDATA[https://swapi.co/api/planets/3/]]>
              </value>
            </param>
          </params>
          <reporter-output>
          </reporter-output>
        </test-method> <!-- testToVerifyApiResponseTimeForUrlById -->
        <test-method status="PASS" signature="testToVerifyApiResponseTimeForUrlById(java.lang.String)[pri:0, instance:com.api.task.tests.PlanetApiByIdTest@9f70c54]" name="testToVerifyApiResponseTimeForUrlById" duration-ms="205" started-at="2018-10-26T16:47:54Z" data-provider="apiUrls" finished-at="2018-10-26T16:47:54Z">
          <params>
            <param index="0">
              <value>
                <![CDATA[https://swapi.co/api/planets/4/]]>
              </value>
            </param>
          </params>
          <reporter-output>
          </reporter-output>
        </test-method> <!-- testToVerifyApiResponseTimeForUrlById -->
        <test-method status="PASS" signature="testToVerifyApiResponseTimeForUrlById(java.lang.String)[pri:0, instance:com.api.task.tests.PlanetApiByIdTest@9f70c54]" name="testToVerifyApiResponseTimeForUrlById" duration-ms="188" started-at="2018-10-26T16:47:54Z" data-provider="apiUrls" finished-at="2018-10-26T16:47:54Z">
          <params>
            <param index="0">
              <value>
                <![CDATA[https://swapi.co/api/planets/5/]]>
              </value>
            </param>
          </params>
          <reporter-output>
          </reporter-output>
        </test-method> <!-- testToVerifyApiResponseTimeForUrlById -->
        <test-method status="PASS" signature="testToVerifyApiResponseTimeForUrlById(java.lang.String)[pri:0, instance:com.api.task.tests.PlanetApiByIdTest@9f70c54]" name="testToVerifyApiResponseTimeForUrlById" duration-ms="252" started-at="2018-10-26T16:47:54Z" data-provider="apiUrls" finished-at="2018-10-26T16:47:55Z">
          <params>
            <param index="0">
              <value>
                <![CDATA[https://swapi.co/api/planets/6/]]>
              </value>
            </param>
          </params>
          <reporter-output>
          </reporter-output>
        </test-method> <!-- testToVerifyApiResponseTimeForUrlById -->
        <test-method status="PASS" signature="testToVerifyApiResponseTimeForUrlById(java.lang.String)[pri:0, instance:com.api.task.tests.PlanetApiByIdTest@9f70c54]" name="testToVerifyApiResponseTimeForUrlById" duration-ms="228" started-at="2018-10-26T16:47:55Z" data-provider="apiUrls" finished-at="2018-10-26T16:47:55Z">
          <params>
            <param index="0">
              <value>
                <![CDATA[https://swapi.co/api/planets/7/]]>
              </value>
            </param>
          </params>
          <reporter-output>
          </reporter-output>
        </test-method> <!-- testToVerifyApiResponseTimeForUrlById -->
        <test-method status="PASS" signature="testToVerifyApiResponseTimeForUrlById(java.lang.String)[pri:0, instance:com.api.task.tests.PlanetApiByIdTest@9f70c54]" name="testToVerifyApiResponseTimeForUrlById" duration-ms="257" started-at="2018-10-26T16:47:55Z" data-provider="apiUrls" finished-at="2018-10-26T16:47:55Z">
          <params>
            <param index="0">
              <value>
                <![CDATA[https://swapi.co/api/planets/8/]]>
              </value>
            </param>
          </params>
          <reporter-output>
          </reporter-output>
        </test-method> <!-- testToVerifyApiResponseTimeForUrlById -->
        <test-method status="PASS" signature="testToVerifyApiResponseTimeForUrlById(java.lang.String)[pri:0, instance:com.api.task.tests.PlanetApiByIdTest@9f70c54]" name="testToVerifyApiResponseTimeForUrlById" duration-ms="307" started-at="2018-10-26T16:47:55Z" data-provider="apiUrls" finished-at="2018-10-26T16:47:55Z">
          <params>
            <param index="0">
              <value>
                <![CDATA[https://swapi.co/api/planets/9/]]>
              </value>
            </param>
          </params>
          <reporter-output>
          </reporter-output>
        </test-method> <!-- testToVerifyApiResponseTimeForUrlById -->
        <test-method status="PASS" signature="testToVerifyApiResponseTimeForUrlById(java.lang.String)[pri:0, instance:com.api.task.tests.PlanetApiByIdTest@9f70c54]" name="testToVerifyApiResponseTimeForUrlById" duration-ms="202" started-at="2018-10-26T16:47:55Z" data-provider="apiUrls" finished-at="2018-10-26T16:47:56Z">
          <params>
            <param index="0">
              <value>
                <![CDATA[https://swapi.co/api/planets/10/]]>
              </value>
            </param>
          </params>
          <reporter-output>
          </reporter-output>
        </test-method> <!-- testToVerifyApiResponseTimeForUrlById -->
        <test-method status="PASS" signature="testToVerifyApiResponseTimeForUrlById(java.lang.String)[pri:0, instance:com.api.task.tests.PlanetApiByIdTest@9f70c54]" name="testToVerifyApiResponseTimeForUrlById" duration-ms="238" started-at="2018-10-26T16:47:56Z" data-provider="apiUrls" finished-at="2018-10-26T16:47:56Z">
          <params>
            <param index="0">
              <value>
                <![CDATA[https://swapi.co/api/planets/11/]]>
              </value>
            </param>
          </params>
          <reporter-output>
          </reporter-output>
        </test-method> <!-- testToVerifyApiResponseTimeForUrlById -->
        <test-method status="PASS" signature="testToVerifyApiResponseTimeForUrlById(java.lang.String)[pri:0, instance:com.api.task.tests.PlanetApiByIdTest@9f70c54]" name="testToVerifyApiResponseTimeForUrlById" duration-ms="227" started-at="2018-10-26T16:47:56Z" data-provider="apiUrls" finished-at="2018-10-26T16:47:56Z">
          <params>
            <param index="0">
              <value>
                <![CDATA[https://swapi.co/api/planets/12/]]>
              </value>
            </param>
          </params>
          <reporter-output>
          </reporter-output>
        </test-method> <!-- testToVerifyApiResponseTimeForUrlById -->
        <test-method status="PASS" signature="testToVerifyApiResponseTimeForUrlById(java.lang.String)[pri:0, instance:com.api.task.tests.PlanetApiByIdTest@9f70c54]" name="testToVerifyApiResponseTimeForUrlById" duration-ms="195" started-at="2018-10-26T16:47:56Z" data-provider="apiUrls" finished-at="2018-10-26T16:47:56Z">
          <params>
            <param index="0">
              <value>
                <![CDATA[https://swapi.co/api/planets/13/]]>
              </value>
            </param>
          </params>
          <reporter-output>
          </reporter-output>
        </test-method> <!-- testToVerifyApiResponseTimeForUrlById -->
        <test-method status="PASS" signature="testToVerifyApiResponseTimeForUrlById(java.lang.String)[pri:0, instance:com.api.task.tests.PlanetApiByIdTest@9f70c54]" name="testToVerifyApiResponseTimeForUrlById" duration-ms="213" started-at="2018-10-26T16:47:56Z" data-provider="apiUrls" finished-at="2018-10-26T16:47:56Z">
          <params>
            <param index="0">
              <value>
                <![CDATA[https://swapi.co/api/planets/14/]]>
              </value>
            </param>
          </params>
          <reporter-output>
          </reporter-output>
        </test-method> <!-- testToVerifyApiResponseTimeForUrlById -->
        <test-method status="PASS" signature="testToVerifyApiResponseTimeForUrlById(java.lang.String)[pri:0, instance:com.api.task.tests.PlanetApiByIdTest@9f70c54]" name="testToVerifyApiResponseTimeForUrlById" duration-ms="294" started-at="2018-10-26T16:47:56Z" data-provider="apiUrls" finished-at="2018-10-26T16:47:57Z">
          <params>
            <param index="0">
              <value>
                <![CDATA[https://swapi.co/api/planets/15/]]>
              </value>
            </param>
          </params>
          <reporter-output>
          </reporter-output>
        </test-method> <!-- testToVerifyApiResponseTimeForUrlById -->
        <test-method status="PASS" signature="testToVerifyApiResponseTimeForUrlById(java.lang.String)[pri:0, instance:com.api.task.tests.PlanetApiByIdTest@9f70c54]" name="testToVerifyApiResponseTimeForUrlById" duration-ms="205" started-at="2018-10-26T16:47:57Z" data-provider="apiUrls" finished-at="2018-10-26T16:47:57Z">
          <params>
            <param index="0">
              <value>
                <![CDATA[https://swapi.co/api/planets/16/]]>
              </value>
            </param>
          </params>
          <reporter-output>
          </reporter-output>
        </test-method> <!-- testToVerifyApiResponseTimeForUrlById -->
        <test-method status="PASS" signature="testToVerifyApiResponseTimeForUrlById(java.lang.String)[pri:0, instance:com.api.task.tests.PlanetApiByIdTest@9f70c54]" name="testToVerifyApiResponseTimeForUrlById" duration-ms="193" started-at="2018-10-26T16:47:57Z" data-provider="apiUrls" finished-at="2018-10-26T16:47:57Z">
          <params>
            <param index="0">
              <value>
                <![CDATA[https://swapi.co/api/planets/17/]]>
              </value>
            </param>
          </params>
          <reporter-output>
          </reporter-output>
        </test-method> <!-- testToVerifyApiResponseTimeForUrlById -->
        <test-method status="PASS" signature="testToVerifyApiResponseTimeForUrlById(java.lang.String)[pri:0, instance:com.api.task.tests.PlanetApiByIdTest@9f70c54]" name="testToVerifyApiResponseTimeForUrlById" duration-ms="215" started-at="2018-10-26T16:47:57Z" data-provider="apiUrls" finished-at="2018-10-26T16:47:57Z">
          <params>
            <param index="0">
              <value>
                <![CDATA[https://swapi.co/api/planets/18/]]>
              </value>
            </param>
          </params>
          <reporter-output>
          </reporter-output>
        </test-method> <!-- testToVerifyApiResponseTimeForUrlById -->
        <test-method status="PASS" signature="testToVerifyApiResponseTimeForUrlById(java.lang.String)[pri:0, instance:com.api.task.tests.PlanetApiByIdTest@9f70c54]" name="testToVerifyApiResponseTimeForUrlById" duration-ms="493" started-at="2018-10-26T16:47:57Z" data-provider="apiUrls" finished-at="2018-10-26T16:47:58Z">
          <params>
            <param index="0">
              <value>
                <![CDATA[https://swapi.co/api/planets/19/]]>
              </value>
            </param>
          </params>
          <reporter-output>
          </reporter-output>
        </test-method> <!-- testToVerifyApiResponseTimeForUrlById -->
        <test-method status="PASS" signature="testToVerifyApiResponseTimeForUrlById(java.lang.String)[pri:0, instance:com.api.task.tests.PlanetApiByIdTest@9f70c54]" name="testToVerifyApiResponseTimeForUrlById" duration-ms="301" started-at="2018-10-26T16:47:58Z" data-provider="apiUrls" finished-at="2018-10-26T16:47:58Z">
          <params>
            <param index="0">
              <value>
                <![CDATA[https://swapi.co/api/planets/20/]]>
              </value>
            </param>
          </params>
          <reporter-output>
          </reporter-output>
        </test-method> <!-- testToVerifyApiResponseTimeForUrlById -->
        <test-method status="PASS" signature="testToVerifyApiResponseTimeForUrlById(java.lang.String)[pri:0, instance:com.api.task.tests.PlanetApiByIdTest@9f70c54]" name="testToVerifyApiResponseTimeForUrlById" duration-ms="196" started-at="2018-10-26T16:47:58Z" data-provider="apiUrls" finished-at="2018-10-26T16:47:58Z">
          <params>
            <param index="0">
              <value>
                <![CDATA[https://swapi.co/api/planets/21/]]>
              </value>
            </param>
          </params>
          <reporter-output>
          </reporter-output>
        </test-method> <!-- testToVerifyApiResponseTimeForUrlById -->
        <test-method status="PASS" signature="testToVerifyApiResponseTimeForUrlById(java.lang.String)[pri:0, instance:com.api.task.tests.PlanetApiByIdTest@9f70c54]" name="testToVerifyApiResponseTimeForUrlById" duration-ms="248" started-at="2018-10-26T16:47:58Z" data-provider="apiUrls" finished-at="2018-10-26T16:47:59Z">
          <params>
            <param index="0">
              <value>
                <![CDATA[https://swapi.co/api/planets/22/]]>
              </value>
            </param>
          </params>
          <reporter-output>
          </reporter-output>
        </test-method> <!-- testToVerifyApiResponseTimeForUrlById -->
        <test-method status="PASS" signature="testToVerifyApiResponseTimeForUrlById(java.lang.String)[pri:0, instance:com.api.task.tests.PlanetApiByIdTest@9f70c54]" name="testToVerifyApiResponseTimeForUrlById" duration-ms="203" started-at="2018-10-26T16:47:59Z" data-provider="apiUrls" finished-at="2018-10-26T16:47:59Z">
          <params>
            <param index="0">
              <value>
                <![CDATA[https://swapi.co/api/planets/23/]]>
              </value>
            </param>
          </params>
          <reporter-output>
          </reporter-output>
        </test-method> <!-- testToVerifyApiResponseTimeForUrlById -->
        <test-method status="PASS" signature="testToVerifyApiResponseTimeForUrlById(java.lang.String)[pri:0, instance:com.api.task.tests.PlanetApiByIdTest@9f70c54]" name="testToVerifyApiResponseTimeForUrlById" duration-ms="191" started-at="2018-10-26T16:47:59Z" data-provider="apiUrls" finished-at="2018-10-26T16:47:59Z">
          <params>
            <param index="0">
              <value>
                <![CDATA[https://swapi.co/api/planets/24/]]>
              </value>
            </param>
          </params>
          <reporter-output>
          </reporter-output>
        </test-method> <!-- testToVerifyApiResponseTimeForUrlById -->
        <test-method status="PASS" signature="testToVerifyApiResponseTimeForUrlById(java.lang.String)[pri:0, instance:com.api.task.tests.PlanetApiByIdTest@9f70c54]" name="testToVerifyApiResponseTimeForUrlById" duration-ms="343" started-at="2018-10-26T16:47:59Z" data-provider="apiUrls" finished-at="2018-10-26T16:47:59Z">
          <params>
            <param index="0">
              <value>
                <![CDATA[https://swapi.co/api/planets/25/]]>
              </value>
            </param>
          </params>
          <reporter-output>
          </reporter-output>
        </test-method> <!-- testToVerifyApiResponseTimeForUrlById -->
        <test-method status="PASS" signature="testToVerifyApiResponseTimeForUrlById(java.lang.String)[pri:0, instance:com.api.task.tests.PlanetApiByIdTest@9f70c54]" name="testToVerifyApiResponseTimeForUrlById" duration-ms="315" started-at="2018-10-26T16:47:59Z" data-provider="apiUrls" finished-at="2018-10-26T16:48:00Z">
          <params>
            <param index="0">
              <value>
                <![CDATA[https://swapi.co/api/planets/26/]]>
              </value>
            </param>
          </params>
          <reporter-output>
          </reporter-output>
        </test-method> <!-- testToVerifyApiResponseTimeForUrlById -->
        <test-method status="PASS" signature="testToVerifyApiResponseTimeForUrlById(java.lang.String)[pri:0, instance:com.api.task.tests.PlanetApiByIdTest@9f70c54]" name="testToVerifyApiResponseTimeForUrlById" duration-ms="241" started-at="2018-10-26T16:48:00Z" data-provider="apiUrls" finished-at="2018-10-26T16:48:00Z">
          <params>
            <param index="0">
              <value>
                <![CDATA[https://swapi.co/api/planets/27/]]>
              </value>
            </param>
          </params>
          <reporter-output>
          </reporter-output>
        </test-method> <!-- testToVerifyApiResponseTimeForUrlById -->
        <test-method status="PASS" signature="testToVerifyApiResponseTimeForUrlById(java.lang.String)[pri:0, instance:com.api.task.tests.PlanetApiByIdTest@9f70c54]" name="testToVerifyApiResponseTimeForUrlById" duration-ms="212" started-at="2018-10-26T16:48:00Z" data-provider="apiUrls" finished-at="2018-10-26T16:48:00Z">
          <params>
            <param index="0">
              <value>
                <![CDATA[https://swapi.co/api/planets/28/]]>
              </value>
            </param>
          </params>
          <reporter-output>
          </reporter-output>
        </test-method> <!-- testToVerifyApiResponseTimeForUrlById -->
        <test-method status="PASS" signature="testToVerifyApiResponseTimeForUrlById(java.lang.String)[pri:0, instance:com.api.task.tests.PlanetApiByIdTest@9f70c54]" name="testToVerifyApiResponseTimeForUrlById" duration-ms="226" started-at="2018-10-26T16:48:00Z" data-provider="apiUrls" finished-at="2018-10-26T16:48:00Z">
          <params>
            <param index="0">
              <value>
                <![CDATA[https://swapi.co/api/planets/29/]]>
              </value>
            </param>
          </params>
          <reporter-output>
          </reporter-output>
        </test-method> <!-- testToVerifyApiResponseTimeForUrlById -->
        <test-method status="PASS" signature="testToVerifyApiResponseTimeForUrlById(java.lang.String)[pri:0, instance:com.api.task.tests.PlanetApiByIdTest@9f70c54]" name="testToVerifyApiResponseTimeForUrlById" duration-ms="338" started-at="2018-10-26T16:48:00Z" data-provider="apiUrls" finished-at="2018-10-26T16:48:01Z">
          <params>
            <param index="0">
              <value>
                <![CDATA[https://swapi.co/api/planets/30/]]>
              </value>
            </param>
          </params>
          <reporter-output>
          </reporter-output>
        </test-method> <!-- testToVerifyApiResponseTimeForUrlById -->
        <test-method status="PASS" signature="testToVerifyApiResponseTimeForUrlById(java.lang.String)[pri:0, instance:com.api.task.tests.PlanetApiByIdTest@9f70c54]" name="testToVerifyApiResponseTimeForUrlById" duration-ms="248" started-at="2018-10-26T16:48:01Z" data-provider="apiUrls" finished-at="2018-10-26T16:48:01Z">
          <params>
            <param index="0">
              <value>
                <![CDATA[https://swapi.co/api/planets/31/]]>
              </value>
            </param>
          </params>
          <reporter-output>
          </reporter-output>
        </test-method> <!-- testToVerifyApiResponseTimeForUrlById -->
        <test-method status="PASS" signature="testToVerifyApiResponseTimeForUrlById(java.lang.String)[pri:0, instance:com.api.task.tests.PlanetApiByIdTest@9f70c54]" name="testToVerifyApiResponseTimeForUrlById" duration-ms="304" started-at="2018-10-26T16:48:01Z" data-provider="apiUrls" finished-at="2018-10-26T16:48:01Z">
          <params>
            <param index="0">
              <value>
                <![CDATA[https://swapi.co/api/planets/32/]]>
              </value>
            </param>
          </params>
          <reporter-output>
          </reporter-output>
        </test-method> <!-- testToVerifyApiResponseTimeForUrlById -->
        <test-method status="PASS" signature="testToVerifyApiResponseTimeForUrlById(java.lang.String)[pri:0, instance:com.api.task.tests.PlanetApiByIdTest@9f70c54]" name="testToVerifyApiResponseTimeForUrlById" duration-ms="228" started-at="2018-10-26T16:48:01Z" data-provider="apiUrls" finished-at="2018-10-26T16:48:01Z">
          <params>
            <param index="0">
              <value>
                <![CDATA[https://swapi.co/api/planets/33/]]>
              </value>
            </param>
          </params>
          <reporter-output>
          </reporter-output>
        </test-method> <!-- testToVerifyApiResponseTimeForUrlById -->
        <test-method status="PASS" signature="testToVerifyApiResponseTimeForUrlById(java.lang.String)[pri:0, instance:com.api.task.tests.PlanetApiByIdTest@9f70c54]" name="testToVerifyApiResponseTimeForUrlById" duration-ms="248" started-at="2018-10-26T16:48:01Z" data-provider="apiUrls" finished-at="2018-10-26T16:48:02Z">
          <params>
            <param index="0">
              <value>
                <![CDATA[https://swapi.co/api/planets/34/]]>
              </value>
            </param>
          </params>
          <reporter-output>
          </reporter-output>
        </test-method> <!-- testToVerifyApiResponseTimeForUrlById -->
        <test-method status="PASS" signature="testToVerifyApiResponseTimeForUrlById(java.lang.String)[pri:0, instance:com.api.task.tests.PlanetApiByIdTest@9f70c54]" name="testToVerifyApiResponseTimeForUrlById" duration-ms="241" started-at="2018-10-26T16:48:02Z" data-provider="apiUrls" finished-at="2018-10-26T16:48:02Z">
          <params>
            <param index="0">
              <value>
                <![CDATA[https://swapi.co/api/planets/35/]]>
              </value>
            </param>
          </params>
          <reporter-output>
          </reporter-output>
        </test-method> <!-- testToVerifyApiResponseTimeForUrlById -->
        <test-method status="PASS" signature="testToVerifyApiResponseTimeForUrlById(java.lang.String)[pri:0, instance:com.api.task.tests.PlanetApiByIdTest@9f70c54]" name="testToVerifyApiResponseTimeForUrlById" duration-ms="213" started-at="2018-10-26T16:48:02Z" data-provider="apiUrls" finished-at="2018-10-26T16:48:02Z">
          <params>
            <param index="0">
              <value>
                <![CDATA[https://swapi.co/api/planets/36/]]>
              </value>
            </param>
          </params>
          <reporter-output>
          </reporter-output>
        </test-method> <!-- testToVerifyApiResponseTimeForUrlById -->
        <test-method status="PASS" signature="testToVerifyApiResponseTimeForUrlById(java.lang.String)[pri:0, instance:com.api.task.tests.PlanetApiByIdTest@9f70c54]" name="testToVerifyApiResponseTimeForUrlById" duration-ms="264" started-at="2018-10-26T16:48:02Z" data-provider="apiUrls" finished-at="2018-10-26T16:48:02Z">
          <params>
            <param index="0">
              <value>
                <![CDATA[https://swapi.co/api/planets/37/]]>
              </value>
            </param>
          </params>
          <reporter-output>
          </reporter-output>
        </test-method> <!-- testToVerifyApiResponseTimeForUrlById -->
        <test-method status="PASS" signature="testToVerifyApiResponseTimeForUrlById(java.lang.String)[pri:0, instance:com.api.task.tests.PlanetApiByIdTest@9f70c54]" name="testToVerifyApiResponseTimeForUrlById" duration-ms="218" started-at="2018-10-26T16:48:02Z" data-provider="apiUrls" finished-at="2018-10-26T16:48:03Z">
          <params>
            <param index="0">
              <value>
                <![CDATA[https://swapi.co/api/planets/38/]]>
              </value>
            </param>
          </params>
          <reporter-output>
          </reporter-output>
        </test-method> <!-- testToVerifyApiResponseTimeForUrlById -->
        <test-method status="PASS" signature="testToVerifyApiResponseTimeForUrlById(java.lang.String)[pri:0, instance:com.api.task.tests.PlanetApiByIdTest@9f70c54]" name="testToVerifyApiResponseTimeForUrlById" duration-ms="227" started-at="2018-10-26T16:48:03Z" data-provider="apiUrls" finished-at="2018-10-26T16:48:03Z">
          <params>
            <param index="0">
              <value>
                <![CDATA[https://swapi.co/api/planets/39/]]>
              </value>
            </param>
          </params>
          <reporter-output>
          </reporter-output>
        </test-method> <!-- testToVerifyApiResponseTimeForUrlById -->
        <test-method status="PASS" signature="testToVerifyApiResponseTimeForUrlById(java.lang.String)[pri:0, instance:com.api.task.tests.PlanetApiByIdTest@9f70c54]" name="testToVerifyApiResponseTimeForUrlById" duration-ms="297" started-at="2018-10-26T16:48:03Z" data-provider="apiUrls" finished-at="2018-10-26T16:48:03Z">
          <params>
            <param index="0">
              <value>
                <![CDATA[https://swapi.co/api/planets/40/]]>
              </value>
            </param>
          </params>
          <reporter-output>
          </reporter-output>
        </test-method> <!-- testToVerifyApiResponseTimeForUrlById -->
        <test-method status="PASS" signature="testToVerifyApiResponseTimeForUrlById(java.lang.String)[pri:0, instance:com.api.task.tests.PlanetApiByIdTest@9f70c54]" name="testToVerifyApiResponseTimeForUrlById" duration-ms="229" started-at="2018-10-26T16:48:03Z" data-provider="apiUrls" finished-at="2018-10-26T16:48:03Z">
          <params>
            <param index="0">
              <value>
                <![CDATA[https://swapi.co/api/planets/41/]]>
              </value>
            </param>
          </params>
          <reporter-output>
          </reporter-output>
        </test-method> <!-- testToVerifyApiResponseTimeForUrlById -->
        <test-method status="PASS" signature="testToVerifyApiResponseTimeForUrlById(java.lang.String)[pri:0, instance:com.api.task.tests.PlanetApiByIdTest@9f70c54]" name="testToVerifyApiResponseTimeForUrlById" duration-ms="250" started-at="2018-10-26T16:48:03Z" data-provider="apiUrls" finished-at="2018-10-26T16:48:04Z">
          <params>
            <param index="0">
              <value>
                <![CDATA[https://swapi.co/api/planets/42/]]>
              </value>
            </param>
          </params>
          <reporter-output>
          </reporter-output>
        </test-method> <!-- testToVerifyApiResponseTimeForUrlById -->
        <test-method status="PASS" signature="testToVerifyApiResponseTimeForUrlById(java.lang.String)[pri:0, instance:com.api.task.tests.PlanetApiByIdTest@9f70c54]" name="testToVerifyApiResponseTimeForUrlById" duration-ms="254" started-at="2018-10-26T16:48:04Z" data-provider="apiUrls" finished-at="2018-10-26T16:48:04Z">
          <params>
            <param index="0">
              <value>
                <![CDATA[https://swapi.co/api/planets/43/]]>
              </value>
            </param>
          </params>
          <reporter-output>
          </reporter-output>
        </test-method> <!-- testToVerifyApiResponseTimeForUrlById -->
        <test-method status="PASS" signature="testToVerifyApiResponseTimeForUrlById(java.lang.String)[pri:0, instance:com.api.task.tests.PlanetApiByIdTest@9f70c54]" name="testToVerifyApiResponseTimeForUrlById" duration-ms="290" started-at="2018-10-26T16:48:04Z" data-provider="apiUrls" finished-at="2018-10-26T16:48:04Z">
          <params>
            <param index="0">
              <value>
                <![CDATA[https://swapi.co/api/planets/44/]]>
              </value>
            </param>
          </params>
          <reporter-output>
          </reporter-output>
        </test-method> <!-- testToVerifyApiResponseTimeForUrlById -->
        <test-method status="PASS" signature="testToVerifyApiResponseTimeForUrlById(java.lang.String)[pri:0, instance:com.api.task.tests.PlanetApiByIdTest@9f70c54]" name="testToVerifyApiResponseTimeForUrlById" duration-ms="201" started-at="2018-10-26T16:48:04Z" data-provider="apiUrls" finished-at="2018-10-26T16:48:04Z">
          <params>
            <param index="0">
              <value>
                <![CDATA[https://swapi.co/api/planets/45/]]>
              </value>
            </param>
          </params>
          <reporter-output>
          </reporter-output>
        </test-method> <!-- testToVerifyApiResponseTimeForUrlById -->
        <test-method status="PASS" signature="testToVerifyApiResponseTimeForUrlById(java.lang.String)[pri:0, instance:com.api.task.tests.PlanetApiByIdTest@9f70c54]" name="testToVerifyApiResponseTimeForUrlById" duration-ms="276" started-at="2018-10-26T16:48:04Z" data-provider="apiUrls" finished-at="2018-10-26T16:48:05Z">
          <params>
            <param index="0">
              <value>
                <![CDATA[https://swapi.co/api/planets/46/]]>
              </value>
            </param>
          </params>
          <reporter-output>
          </reporter-output>
        </test-method> <!-- testToVerifyApiResponseTimeForUrlById -->
        <test-method status="PASS" signature="testToVerifyApiResponseTimeForUrlById(java.lang.String)[pri:0, instance:com.api.task.tests.PlanetApiByIdTest@9f70c54]" name="testToVerifyApiResponseTimeForUrlById" duration-ms="229" started-at="2018-10-26T16:48:05Z" data-provider="apiUrls" finished-at="2018-10-26T16:48:05Z">
          <params>
            <param index="0">
              <value>
                <![CDATA[https://swapi.co/api/planets/47/]]>
              </value>
            </param>
          </params>
          <reporter-output>
          </reporter-output>
        </test-method> <!-- testToVerifyApiResponseTimeForUrlById -->
        <test-method status="PASS" signature="testToVerifyApiResponseTimeForUrlById(java.lang.String)[pri:0, instance:com.api.task.tests.PlanetApiByIdTest@9f70c54]" name="testToVerifyApiResponseTimeForUrlById" duration-ms="255" started-at="2018-10-26T16:48:05Z" data-provider="apiUrls" finished-at="2018-10-26T16:48:05Z">
          <params>
            <param index="0">
              <value>
                <![CDATA[https://swapi.co/api/planets/48/]]>
              </value>
            </param>
          </params>
          <reporter-output>
          </reporter-output>
        </test-method> <!-- testToVerifyApiResponseTimeForUrlById -->
        <test-method status="PASS" signature="testToVerifyApiResponseTimeForUrlById(java.lang.String)[pri:0, instance:com.api.task.tests.PlanetApiByIdTest@9f70c54]" name="testToVerifyApiResponseTimeForUrlById" duration-ms="274" started-at="2018-10-26T16:48:05Z" data-provider="apiUrls" finished-at="2018-10-26T16:48:05Z">
          <params>
            <param index="0">
              <value>
                <![CDATA[https://swapi.co/api/planets/49/]]>
              </value>
            </param>
          </params>
          <reporter-output>
          </reporter-output>
        </test-method> <!-- testToVerifyApiResponseTimeForUrlById -->
        <test-method status="PASS" signature="testToVerifyApiResponseTimeForUrlById(java.lang.String)[pri:0, instance:com.api.task.tests.PlanetApiByIdTest@9f70c54]" name="testToVerifyApiResponseTimeForUrlById" duration-ms="226" started-at="2018-10-26T16:48:05Z" data-provider="apiUrls" finished-at="2018-10-26T16:48:06Z">
          <params>
            <param index="0">
              <value>
                <![CDATA[https://swapi.co/api/planets/50/]]>
              </value>
            </param>
          </params>
          <reporter-output>
          </reporter-output>
        </test-method> <!-- testToVerifyApiResponseTimeForUrlById -->
        <test-method status="PASS" signature="testToVerifyApiResponseTimeForUrlById(java.lang.String)[pri:0, instance:com.api.task.tests.PlanetApiByIdTest@9f70c54]" name="testToVerifyApiResponseTimeForUrlById" duration-ms="390" started-at="2018-10-26T16:48:06Z" data-provider="apiUrls" finished-at="2018-10-26T16:48:06Z">
          <params>
            <param index="0">
              <value>
                <![CDATA[https://swapi.co/api/planets/51/]]>
              </value>
            </param>
          </params>
          <reporter-output>
          </reporter-output>
        </test-method> <!-- testToVerifyApiResponseTimeForUrlById -->
        <test-method status="PASS" signature="testToVerifyApiResponseTimeForUrlById(java.lang.String)[pri:0, instance:com.api.task.tests.PlanetApiByIdTest@9f70c54]" name="testToVerifyApiResponseTimeForUrlById" duration-ms="262" started-at="2018-10-26T16:48:06Z" data-provider="apiUrls" finished-at="2018-10-26T16:48:06Z">
          <params>
            <param index="0">
              <value>
                <![CDATA[https://swapi.co/api/planets/52/]]>
              </value>
            </param>
          </params>
          <reporter-output>
          </reporter-output>
        </test-method> <!-- testToVerifyApiResponseTimeForUrlById -->
        <test-method status="PASS" signature="testToVerifyApiResponseTimeForUrlById(java.lang.String)[pri:0, instance:com.api.task.tests.PlanetApiByIdTest@9f70c54]" name="testToVerifyApiResponseTimeForUrlById" duration-ms="259" started-at="2018-10-26T16:48:06Z" data-provider="apiUrls" finished-at="2018-10-26T16:48:07Z">
          <params>
            <param index="0">
              <value>
                <![CDATA[https://swapi.co/api/planets/53/]]>
              </value>
            </param>
          </params>
          <reporter-output>
          </reporter-output>
        </test-method> <!-- testToVerifyApiResponseTimeForUrlById -->
        <test-method status="PASS" signature="testToVerifyApiResponseTimeForUrlById(java.lang.String)[pri:0, instance:com.api.task.tests.PlanetApiByIdTest@9f70c54]" name="testToVerifyApiResponseTimeForUrlById" duration-ms="297" started-at="2018-10-26T16:48:07Z" data-provider="apiUrls" finished-at="2018-10-26T16:48:07Z">
          <params>
            <param index="0">
              <value>
                <![CDATA[https://swapi.co/api/planets/54/]]>
              </value>
            </param>
          </params>
          <reporter-output>
          </reporter-output>
        </test-method> <!-- testToVerifyApiResponseTimeForUrlById -->
        <test-method status="PASS" signature="testToVerifyApiResponseTimeForUrlById(java.lang.String)[pri:0, instance:com.api.task.tests.PlanetApiByIdTest@9f70c54]" name="testToVerifyApiResponseTimeForUrlById" duration-ms="235" started-at="2018-10-26T16:48:07Z" data-provider="apiUrls" finished-at="2018-10-26T16:48:07Z">
          <params>
            <param index="0">
              <value>
                <![CDATA[https://swapi.co/api/planets/55/]]>
              </value>
            </param>
          </params>
          <reporter-output>
          </reporter-output>
        </test-method> <!-- testToVerifyApiResponseTimeForUrlById -->
        <test-method status="PASS" signature="testToVerifyApiResponseTimeForUrlById(java.lang.String)[pri:0, instance:com.api.task.tests.PlanetApiByIdTest@9f70c54]" name="testToVerifyApiResponseTimeForUrlById" duration-ms="259" started-at="2018-10-26T16:48:07Z" data-provider="apiUrls" finished-at="2018-10-26T16:48:07Z">
          <params>
            <param index="0">
              <value>
                <![CDATA[https://swapi.co/api/planets/56/]]>
              </value>
            </param>
          </params>
          <reporter-output>
          </reporter-output>
        </test-method> <!-- testToVerifyApiResponseTimeForUrlById -->
        <test-method status="PASS" signature="testToVerifyApiResponseTimeForUrlById(java.lang.String)[pri:0, instance:com.api.task.tests.PlanetApiByIdTest@9f70c54]" name="testToVerifyApiResponseTimeForUrlById" duration-ms="483" started-at="2018-10-26T16:48:07Z" data-provider="apiUrls" finished-at="2018-10-26T16:48:08Z">
          <params>
            <param index="0">
              <value>
                <![CDATA[https://swapi.co/api/planets/57/]]>
              </value>
            </param>
          </params>
          <reporter-output>
          </reporter-output>
        </test-method> <!-- testToVerifyApiResponseTimeForUrlById -->
        <test-method status="PASS" signature="testToVerifyApiResponseTimeForUrlById(java.lang.String)[pri:0, instance:com.api.task.tests.PlanetApiByIdTest@9f70c54]" name="testToVerifyApiResponseTimeForUrlById" duration-ms="214" started-at="2018-10-26T16:48:08Z" data-provider="apiUrls" finished-at="2018-10-26T16:48:08Z">
          <params>
            <param index="0">
              <value>
                <![CDATA[https://swapi.co/api/planets/58/]]>
              </value>
            </param>
          </params>
          <reporter-output>
          </reporter-output>
        </test-method> <!-- testToVerifyApiResponseTimeForUrlById -->
        <test-method status="PASS" signature="testToVerifyApiResponseTimeForUrlById(java.lang.String)[pri:0, instance:com.api.task.tests.PlanetApiByIdTest@9f70c54]" name="testToVerifyApiResponseTimeForUrlById" duration-ms="268" started-at="2018-10-26T16:48:08Z" data-provider="apiUrls" finished-at="2018-10-26T16:48:08Z">
          <params>
            <param index="0">
              <value>
                <![CDATA[https://swapi.co/api/planets/59/]]>
              </value>
            </param>
          </params>
          <reporter-output>
          </reporter-output>
        </test-method> <!-- testToVerifyApiResponseTimeForUrlById -->
        <test-method status="PASS" signature="testToVerifyApiResponseTimeForUrlById(java.lang.String)[pri:0, instance:com.api.task.tests.PlanetApiByIdTest@9f70c54]" name="testToVerifyApiResponseTimeForUrlById" duration-ms="351" started-at="2018-10-26T16:48:08Z" data-provider="apiUrls" finished-at="2018-10-26T16:48:09Z">
          <params>
            <param index="0">
              <value>
                <![CDATA[https://swapi.co/api/planets/60/]]>
              </value>
            </param>
          </params>
          <reporter-output>
          </reporter-output>
        </test-method> <!-- testToVerifyApiResponseTimeForUrlById -->
        <test-method status="PASS" signature="testToVerifyApiResponseTimeForUrlById(java.lang.String)[pri:0, instance:com.api.task.tests.PlanetApiByIdTest@9f70c54]" name="testToVerifyApiResponseTimeForUrlById" duration-ms="299" started-at="2018-10-26T16:48:09Z" data-provider="apiUrls" finished-at="2018-10-26T16:48:09Z">
          <params>
            <param index="0">
              <value>
                <![CDATA[https://swapi.co/api/planets/1/]]>
              </value>
            </param>
          </params>
          <reporter-output>
          </reporter-output>
        </test-method> <!-- testToVerifyApiResponseTimeForUrlById -->
        <test-method status="PASS" signature="testToVerifyApiResponseTimeForUrlById(java.lang.String)[pri:0, instance:com.api.task.tests.PlanetApiByIdTest@9f70c54]" name="testToVerifyApiResponseTimeForUrlById" duration-ms="226" started-at="2018-10-26T16:48:09Z" data-provider="apiUrls" finished-at="2018-10-26T16:48:09Z">
          <params>
            <param index="0">
              <value>
                <![CDATA[https://swapi.co/api/planets/61/]]>
              </value>
            </param>
          </params>
          <reporter-output>
          </reporter-output>
        </test-method> <!-- testToVerifyApiResponseTimeForUrlById -->
        <test-method status="PASS" signature="testToVerifyResponseForInvalidPlanetId()[pri:0, instance:com.api.task.tests.PlanetApiByIdTest@9f70c54]" name="testToVerifyResponseForInvalidPlanetId" duration-ms="247" started-at="2018-10-26T16:48:09Z" finished-at="2018-10-26T16:48:09Z">
          <reporter-output>
          </reporter-output>
        </test-method> <!-- testToVerifyResponseForInvalidPlanetId -->
      </class> <!-- com.api.task.tests.PlanetApiByIdTest -->
      <class name="com.api.task.tests.PlanetApiTest">
        <test-method status="PASS" signature="preconditionForGetAllApi()[pri:0, instance:com.api.task.tests.PlanetApiTest@2096442d]" name="preconditionForGetAllApi" is-config="true" duration-ms="3769" started-at="2018-10-26T16:47:47Z" finished-at="2018-10-26T16:47:51Z">
          <reporter-output>
          </reporter-output>
        </test-method> <!-- preconditionForGetAllApi -->
        <test-method status="PASS" signature="testToVerifyApiResponseTimeForGetAllPlanetApi()[pri:0, instance:com.api.task.tests.PlanetApiTest@2096442d]" name="testToVerifyApiResponseTimeForGetAllPlanetApi" duration-ms="8" started-at="2018-10-26T16:47:51Z" finished-at="2018-10-26T16:47:51Z">
          <reporter-output>
          </reporter-output>
        </test-method> <!-- testToVerifyApiResponseTimeForGetAllPlanetApi -->
        <test-method status="PASS" signature="testToVerifyPlanetNameInApiResponse(java.lang.String)[pri:0, instance:com.api.task.tests.PlanetApiTest@2096442d]" name="testToVerifyPlanetNameInApiResponse" duration-ms="1" started-at="2018-10-26T16:47:52Z" data-provider="planetNames" finished-at="2018-10-26T16:47:52Z">
          <params>
            <param index="0">
              <value>
                <![CDATA[Alderaan]]>
              </value>
            </param>
          </params>
          <reporter-output>
          </reporter-output>
        </test-method> <!-- testToVerifyPlanetNameInApiResponse -->
        <test-method status="PASS" signature="testToVerifyPlanetNameInApiResponse(java.lang.String)[pri:0, instance:com.api.task.tests.PlanetApiTest@2096442d]" name="testToVerifyPlanetNameInApiResponse" duration-ms="0" started-at="2018-10-26T16:47:52Z" data-provider="planetNames" finished-at="2018-10-26T16:47:52Z">
          <params>
            <param index="0">
              <value>
                <![CDATA[Yavin IV]]>
              </value>
            </param>
          </params>
          <reporter-output>
          </reporter-output>
        </test-method> <!-- testToVerifyPlanetNameInApiResponse -->
        <test-method status="PASS" signature="testToVerifyPlanetNameInApiResponse(java.lang.String)[pri:0, instance:com.api.task.tests.PlanetApiTest@2096442d]" name="testToVerifyPlanetNameInApiResponse" duration-ms="0" started-at="2018-10-26T16:47:52Z" data-provider="planetNames" finished-at="2018-10-26T16:47:52Z">
          <params>
            <param index="0">
              <value>
                <![CDATA[Dagobah]]>
              </value>
            </param>
          </params>
          <reporter-output>
          </reporter-output>
        </test-method> <!-- testToVerifyPlanetNameInApiResponse -->
        <test-method status="PASS" signature="testToVerifyPlanetNameInApiResponse(java.lang.String)[pri:0, instance:com.api.task.tests.PlanetApiTest@2096442d]" name="testToVerifyPlanetNameInApiResponse" duration-ms="0" started-at="2018-10-26T16:47:52Z" data-provider="planetNames" finished-at="2018-10-26T16:47:52Z">
          <params>
            <param index="0">
              <value>
                <![CDATA[Bespin]]>
              </value>
            </param>
          </params>
          <reporter-output>
          </reporter-output>
        </test-method> <!-- testToVerifyPlanetNameInApiResponse -->
        <test-method status="PASS" signature="testToVerifyPlanetNameInApiResponse(java.lang.String)[pri:0, instance:com.api.task.tests.PlanetApiTest@2096442d]" name="testToVerifyPlanetNameInApiResponse" duration-ms="0" started-at="2018-10-26T16:47:52Z" data-provider="planetNames" finished-at="2018-10-26T16:47:52Z">
          <params>
            <param index="0">
              <value>
                <![CDATA[Hoth]]>
              </value>
            </param>
          </params>
          <reporter-output>
          </reporter-output>
        </test-method> <!-- testToVerifyPlanetNameInApiResponse -->
        <test-method status="PASS" signature="testToVerifyPlanetNameInApiResponse(java.lang.String)[pri:0, instance:com.api.task.tests.PlanetApiTest@2096442d]" name="testToVerifyPlanetNameInApiResponse" duration-ms="1" started-at="2018-10-26T16:47:52Z" data-provider="planetNames" finished-at="2018-10-26T16:47:52Z">
          <params>
            <param index="0">
              <value>
                <![CDATA[Naboo]]>
              </value>
            </param>
          </params>
          <reporter-output>
          </reporter-output>
        </test-method> <!-- testToVerifyPlanetNameInApiResponse -->
        <test-method status="PASS" signature="testToVerifyPlanetNameInApiResponse(java.lang.String)[pri:0, instance:com.api.task.tests.PlanetApiTest@2096442d]" name="testToVerifyPlanetNameInApiResponse" duration-ms="0" started-at="2018-10-26T16:47:52Z" data-provider="planetNames" finished-at="2018-10-26T16:47:52Z">
          <params>
            <param index="0">
              <value>
                <![CDATA[Endor]]>
              </value>
            </param>
          </params>
          <reporter-output>
          </reporter-output>
        </test-method> <!-- testToVerifyPlanetNameInApiResponse -->
        <test-method status="PASS" signature="testToVerifyPlanetNameInApiResponse(java.lang.String)[pri:0, instance:com.api.task.tests.PlanetApiTest@2096442d]" name="testToVerifyPlanetNameInApiResponse" duration-ms="1" started-at="2018-10-26T16:47:52Z" data-provider="planetNames" finished-at="2018-10-26T16:47:52Z">
          <params>
            <param index="0">
              <value>
                <![CDATA[Kamino]]>
              </value>
            </param>
          </params>
          <reporter-output>
          </reporter-output>
        </test-method> <!-- testToVerifyPlanetNameInApiResponse -->
        <test-method status="PASS" signature="testToVerifyPlanetNameInApiResponse(java.lang.String)[pri:0, instance:com.api.task.tests.PlanetApiTest@2096442d]" name="testToVerifyPlanetNameInApiResponse" duration-ms="0" started-at="2018-10-26T16:47:52Z" data-provider="planetNames" finished-at="2018-10-26T16:47:52Z">
          <params>
            <param index="0">
              <value>
                <![CDATA[Coruscant]]>
              </value>
            </param>
          </params>
          <reporter-output>
          </reporter-output>
        </test-method> <!-- testToVerifyPlanetNameInApiResponse -->
        <test-method status="PASS" signature="testToVerifyPlanetNameInApiResponse(java.lang.String)[pri:0, instance:com.api.task.tests.PlanetApiTest@2096442d]" name="testToVerifyPlanetNameInApiResponse" duration-ms="0" started-at="2018-10-26T16:47:52Z" data-provider="planetNames" finished-at="2018-10-26T16:47:52Z">
          <params>
            <param index="0">
              <value>
                <![CDATA[Geonosis]]>
              </value>
            </param>
          </params>
          <reporter-output>
          </reporter-output>
        </test-method> <!-- testToVerifyPlanetNameInApiResponse -->
        <test-method status="PASS" signature="testToVerifyPlanetNameInApiResponse(java.lang.String)[pri:0, instance:com.api.task.tests.PlanetApiTest@2096442d]" name="testToVerifyPlanetNameInApiResponse" duration-ms="0" started-at="2018-10-26T16:47:52Z" data-provider="planetNames" finished-at="2018-10-26T16:47:52Z">
          <params>
            <param index="0">
              <value>
                <![CDATA[Utapau]]>
              </value>
            </param>
          </params>
          <reporter-output>
          </reporter-output>
        </test-method> <!-- testToVerifyPlanetNameInApiResponse -->
        <test-method status="PASS" signature="testToVerifyPlanetNameInApiResponse(java.lang.String)[pri:0, instance:com.api.task.tests.PlanetApiTest@2096442d]" name="testToVerifyPlanetNameInApiResponse" duration-ms="1" started-at="2018-10-26T16:47:52Z" data-provider="planetNames" finished-at="2018-10-26T16:47:52Z">
          <params>
            <param index="0">
              <value>
                <![CDATA[Polis Massa]]>
              </value>
            </param>
          </params>
          <reporter-output>
          </reporter-output>
        </test-method> <!-- testToVerifyPlanetNameInApiResponse -->
        <test-method status="PASS" signature="testToVerifyPlanetNameInApiResponse(java.lang.String)[pri:0, instance:com.api.task.tests.PlanetApiTest@2096442d]" name="testToVerifyPlanetNameInApiResponse" duration-ms="0" started-at="2018-10-26T16:47:52Z" data-provider="planetNames" finished-at="2018-10-26T16:47:52Z">
          <params>
            <param index="0">
              <value>
                <![CDATA[Mustafar]]>
              </value>
            </param>
          </params>
          <reporter-output>
          </reporter-output>
        </test-method> <!-- testToVerifyPlanetNameInApiResponse -->
        <test-method status="PASS" signature="testToVerifyPlanetNameInApiResponse(java.lang.String)[pri:0, instance:com.api.task.tests.PlanetApiTest@2096442d]" name="testToVerifyPlanetNameInApiResponse" duration-ms="0" started-at="2018-10-26T16:47:52Z" data-provider="planetNames" finished-at="2018-10-26T16:47:52Z">
          <params>
            <param index="0">
              <value>
                <![CDATA[Kashyyyk]]>
              </value>
            </param>
          </params>
          <reporter-output>
          </reporter-output>
        </test-method> <!-- testToVerifyPlanetNameInApiResponse -->
        <test-method status="PASS" signature="testToVerifyPlanetNameInApiResponse(java.lang.String)[pri:0, instance:com.api.task.tests.PlanetApiTest@2096442d]" name="testToVerifyPlanetNameInApiResponse" duration-ms="0" started-at="2018-10-26T16:47:52Z" data-provider="planetNames" finished-at="2018-10-26T16:47:52Z">
          <params>
            <param index="0">
              <value>
                <![CDATA[Mygeeto]]>
              </value>
            </param>
          </params>
          <reporter-output>
          </reporter-output>
        </test-method> <!-- testToVerifyPlanetNameInApiResponse -->
        <test-method status="PASS" signature="testToVerifyPlanetNameInApiResponse(java.lang.String)[pri:0, instance:com.api.task.tests.PlanetApiTest@2096442d]" name="testToVerifyPlanetNameInApiResponse" duration-ms="0" started-at="2018-10-26T16:47:52Z" data-provider="planetNames" finished-at="2018-10-26T16:47:52Z">
          <params>
            <param index="0">
              <value>
                <![CDATA[Felucia]]>
              </value>
            </param>
          </params>
          <reporter-output>
          </reporter-output>
        </test-method> <!-- testToVerifyPlanetNameInApiResponse -->
        <test-method status="PASS" signature="testToVerifyPlanetNameInApiResponse(java.lang.String)[pri:0, instance:com.api.task.tests.PlanetApiTest@2096442d]" name="testToVerifyPlanetNameInApiResponse" duration-ms="1" started-at="2018-10-26T16:47:52Z" data-provider="planetNames" finished-at="2018-10-26T16:47:52Z">
          <params>
            <param index="0">
              <value>
                <![CDATA[Stewjon]]>
              </value>
            </param>
          </params>
          <reporter-output>
          </reporter-output>
        </test-method> <!-- testToVerifyPlanetNameInApiResponse -->
        <test-method status="PASS" signature="testToVerifyPlanetNameInApiResponse(java.lang.String)[pri:0, instance:com.api.task.tests.PlanetApiTest@2096442d]" name="testToVerifyPlanetNameInApiResponse" duration-ms="0" started-at="2018-10-26T16:47:52Z" data-provider="planetNames" finished-at="2018-10-26T16:47:52Z">
          <params>
            <param index="0">
              <value>
                <![CDATA[Cato Neimoidia]]>
              </value>
            </param>
          </params>
          <reporter-output>
          </reporter-output>
        </test-method> <!-- testToVerifyPlanetNameInApiResponse -->
        <test-method status="PASS" signature="testToVerifyPlanetNameInApiResponse(java.lang.String)[pri:0, instance:com.api.task.tests.PlanetApiTest@2096442d]" name="testToVerifyPlanetNameInApiResponse" duration-ms="0" started-at="2018-10-26T16:47:52Z" data-provider="planetNames" finished-at="2018-10-26T16:47:52Z">
          <params>
            <param index="0">
              <value>
                <![CDATA[Saleucami]]>
              </value>
            </param>
          </params>
          <reporter-output>
          </reporter-output>
        </test-method> <!-- testToVerifyPlanetNameInApiResponse -->
        <test-method status="PASS" signature="testToVerifyPlanetNameInApiResponse(java.lang.String)[pri:0, instance:com.api.task.tests.PlanetApiTest@2096442d]" name="testToVerifyPlanetNameInApiResponse" duration-ms="1" started-at="2018-10-26T16:47:52Z" data-provider="planetNames" finished-at="2018-10-26T16:47:52Z">
          <params>
            <param index="0">
              <value>
                <![CDATA[Eriadu]]>
              </value>
            </param>
          </params>
          <reporter-output>
          </reporter-output>
        </test-method> <!-- testToVerifyPlanetNameInApiResponse -->
        <test-method status="PASS" signature="testToVerifyPlanetNameInApiResponse(java.lang.String)[pri:0, instance:com.api.task.tests.PlanetApiTest@2096442d]" name="testToVerifyPlanetNameInApiResponse" duration-ms="0" started-at="2018-10-26T16:47:52Z" data-provider="planetNames" finished-at="2018-10-26T16:47:52Z">
          <params>
            <param index="0">
              <value>
                <![CDATA[Corellia]]>
              </value>
            </param>
          </params>
          <reporter-output>
          </reporter-output>
        </test-method> <!-- testToVerifyPlanetNameInApiResponse -->
        <test-method status="PASS" signature="testToVerifyPlanetNameInApiResponse(java.lang.String)[pri:0, instance:com.api.task.tests.PlanetApiTest@2096442d]" name="testToVerifyPlanetNameInApiResponse" duration-ms="0" started-at="2018-10-26T16:47:52Z" data-provider="planetNames" finished-at="2018-10-26T16:47:52Z">
          <params>
            <param index="0">
              <value>
                <![CDATA[Rodia]]>
              </value>
            </param>
          </params>
          <reporter-output>
          </reporter-output>
        </test-method> <!-- testToVerifyPlanetNameInApiResponse -->
        <test-method status="PASS" signature="testToVerifyPlanetNameInApiResponse(java.lang.String)[pri:0, instance:com.api.task.tests.PlanetApiTest@2096442d]" name="testToVerifyPlanetNameInApiResponse" duration-ms="0" started-at="2018-10-26T16:47:52Z" data-provider="planetNames" finished-at="2018-10-26T16:47:52Z">
          <params>
            <param index="0">
              <value>
                <![CDATA[Nal Hutta]]>
              </value>
            </param>
          </params>
          <reporter-output>
          </reporter-output>
        </test-method> <!-- testToVerifyPlanetNameInApiResponse -->
        <test-method status="PASS" signature="testToVerifyPlanetNameInApiResponse(java.lang.String)[pri:0, instance:com.api.task.tests.PlanetApiTest@2096442d]" name="testToVerifyPlanetNameInApiResponse" duration-ms="1" started-at="2018-10-26T16:47:52Z" data-provider="planetNames" finished-at="2018-10-26T16:47:52Z">
          <params>
            <param index="0">
              <value>
                <![CDATA[Dantooine]]>
              </value>
            </param>
          </params>
          <reporter-output>
          </reporter-output>
        </test-method> <!-- testToVerifyPlanetNameInApiResponse -->
        <test-method status="PASS" signature="testToVerifyPlanetNameInApiResponse(java.lang.String)[pri:0, instance:com.api.task.tests.PlanetApiTest@2096442d]" name="testToVerifyPlanetNameInApiResponse" duration-ms="1" started-at="2018-10-26T16:47:52Z" data-provider="planetNames" finished-at="2018-10-26T16:47:52Z">
          <params>
            <param index="0">
              <value>
                <![CDATA[Ord Mantell]]>
              </value>
            </param>
          </params>
          <reporter-output>
          </reporter-output>
        </test-method> <!-- testToVerifyPlanetNameInApiResponse -->
        <test-method status="PASS" signature="testToVerifyPlanetNameInApiResponse(java.lang.String)[pri:0, instance:com.api.task.tests.PlanetApiTest@2096442d]" name="testToVerifyPlanetNameInApiResponse" duration-ms="0" started-at="2018-10-26T16:47:52Z" data-provider="planetNames" finished-at="2018-10-26T16:47:52Z">
          <params>
            <param index="0">
              <value>
                <![CDATA[Bestine IV]]>
              </value>
            </param>
          </params>
          <reporter-output>
          </reporter-output>
        </test-method> <!-- testToVerifyPlanetNameInApiResponse -->
        <test-method status="PASS" signature="testToVerifyPlanetNameInApiResponse(java.lang.String)[pri:0, instance:com.api.task.tests.PlanetApiTest@2096442d]" name="testToVerifyPlanetNameInApiResponse" duration-ms="0" started-at="2018-10-26T16:47:52Z" data-provider="planetNames" finished-at="2018-10-26T16:47:52Z">
          <params>
            <param index="0">
              <value>
                <![CDATA[unknown]]>
              </value>
            </param>
          </params>
          <reporter-output>
          </reporter-output>
        </test-method> <!-- testToVerifyPlanetNameInApiResponse -->
        <test-method status="PASS" signature="testToVerifyPlanetNameInApiResponse(java.lang.String)[pri:0, instance:com.api.task.tests.PlanetApiTest@2096442d]" name="testToVerifyPlanetNameInApiResponse" duration-ms="0" started-at="2018-10-26T16:47:52Z" data-provider="planetNames" finished-at="2018-10-26T16:47:52Z">
          <params>
            <param index="0">
              <value>
                <![CDATA[Socorro]]>
              </value>
            </param>
          </params>
          <reporter-output>
          </reporter-output>
        </test-method> <!-- testToVerifyPlanetNameInApiResponse -->
        <test-method status="PASS" signature="testToVerifyPlanetNameInApiResponse(java.lang.String)[pri:0, instance:com.api.task.tests.PlanetApiTest@2096442d]" name="testToVerifyPlanetNameInApiResponse" duration-ms="0" started-at="2018-10-26T16:47:52Z" data-provider="planetNames" finished-at="2018-10-26T16:47:52Z">
          <params>
            <param index="0">
              <value>
                <![CDATA[Trandosha]]>
              </value>
            </param>
          </params>
          <reporter-output>
          </reporter-output>
        </test-method> <!-- testToVerifyPlanetNameInApiResponse -->
        <test-method status="PASS" signature="testToVerifyPlanetNameInApiResponse(java.lang.String)[pri:0, instance:com.api.task.tests.PlanetApiTest@2096442d]" name="testToVerifyPlanetNameInApiResponse" duration-ms="0" started-at="2018-10-26T16:47:52Z" data-provider="planetNames" finished-at="2018-10-26T16:47:52Z">
          <params>
            <param index="0">
              <value>
                <![CDATA[Mon Cala]]>
              </value>
            </param>
          </params>
          <reporter-output>
          </reporter-output>
        </test-method> <!-- testToVerifyPlanetNameInApiResponse -->
        <test-method status="PASS" signature="testToVerifyPlanetNameInApiResponse(java.lang.String)[pri:0, instance:com.api.task.tests.PlanetApiTest@2096442d]" name="testToVerifyPlanetNameInApiResponse" duration-ms="0" started-at="2018-10-26T16:47:52Z" data-provider="planetNames" finished-at="2018-10-26T16:47:52Z">
          <params>
            <param index="0">
              <value>
                <![CDATA[Chandrila]]>
              </value>
            </param>
          </params>
          <reporter-output>
          </reporter-output>
        </test-method> <!-- testToVerifyPlanetNameInApiResponse -->
        <test-method status="PASS" signature="testToVerifyPlanetNameInApiResponse(java.lang.String)[pri:0, instance:com.api.task.tests.PlanetApiTest@2096442d]" name="testToVerifyPlanetNameInApiResponse" duration-ms="0" started-at="2018-10-26T16:47:52Z" data-provider="planetNames" finished-at="2018-10-26T16:47:52Z">
          <params>
            <param index="0">
              <value>
                <![CDATA[Sullust]]>
              </value>
            </param>
          </params>
          <reporter-output>
          </reporter-output>
        </test-method> <!-- testToVerifyPlanetNameInApiResponse -->
        <test-method status="PASS" signature="testToVerifyPlanetNameInApiResponse(java.lang.String)[pri:0, instance:com.api.task.tests.PlanetApiTest@2096442d]" name="testToVerifyPlanetNameInApiResponse" duration-ms="0" started-at="2018-10-26T16:47:52Z" data-provider="planetNames" finished-at="2018-10-26T16:47:52Z">
          <params>
            <param index="0">
              <value>
                <![CDATA[Toydaria]]>
              </value>
            </param>
          </params>
          <reporter-output>
          </reporter-output>
        </test-method> <!-- testToVerifyPlanetNameInApiResponse -->
        <test-method status="PASS" signature="testToVerifyPlanetNameInApiResponse(java.lang.String)[pri:0, instance:com.api.task.tests.PlanetApiTest@2096442d]" name="testToVerifyPlanetNameInApiResponse" duration-ms="1" started-at="2018-10-26T16:47:52Z" data-provider="planetNames" finished-at="2018-10-26T16:47:52Z">
          <params>
            <param index="0">
              <value>
                <![CDATA[Dathomir]]>
              </value>
            </param>
          </params>
          <reporter-output>
          </reporter-output>
        </test-method> <!-- testToVerifyPlanetNameInApiResponse -->
        <test-method status="PASS" signature="testToVerifyPlanetNameInApiResponse(java.lang.String)[pri:0, instance:com.api.task.tests.PlanetApiTest@2096442d]" name="testToVerifyPlanetNameInApiResponse" duration-ms="0" started-at="2018-10-26T16:47:52Z" data-provider="planetNames" finished-at="2018-10-26T16:47:52Z">
          <params>
            <param index="0">
              <value>
                <![CDATA[Malastare]]>
              </value>
            </param>
          </params>
          <reporter-output>
          </reporter-output>
        </test-method> <!-- testToVerifyPlanetNameInApiResponse -->
        <test-method status="PASS" signature="testToVerifyPlanetNameInApiResponse(java.lang.String)[pri:0, instance:com.api.task.tests.PlanetApiTest@2096442d]" name="testToVerifyPlanetNameInApiResponse" duration-ms="0" started-at="2018-10-26T16:47:52Z" data-provider="planetNames" finished-at="2018-10-26T16:47:52Z">
          <params>
            <param index="0">
              <value>
                <![CDATA[Aleen Minor]]>
              </value>
            </param>
          </params>
          <reporter-output>
          </reporter-output>
        </test-method> <!-- testToVerifyPlanetNameInApiResponse -->
        <test-method status="PASS" signature="testToVerifyPlanetNameInApiResponse(java.lang.String)[pri:0, instance:com.api.task.tests.PlanetApiTest@2096442d]" name="testToVerifyPlanetNameInApiResponse" duration-ms="0" started-at="2018-10-26T16:47:52Z" data-provider="planetNames" finished-at="2018-10-26T16:47:52Z">
          <params>
            <param index="0">
              <value>
                <![CDATA[Ryloth]]>
              </value>
            </param>
          </params>
          <reporter-output>
          </reporter-output>
        </test-method> <!-- testToVerifyPlanetNameInApiResponse -->
        <test-method status="PASS" signature="testToVerifyPlanetNameInApiResponse(java.lang.String)[pri:0, instance:com.api.task.tests.PlanetApiTest@2096442d]" name="testToVerifyPlanetNameInApiResponse" duration-ms="1" started-at="2018-10-26T16:47:52Z" data-provider="planetNames" finished-at="2018-10-26T16:47:52Z">
          <params>
            <param index="0">
              <value>
                <![CDATA[Troiken]]>
              </value>
            </param>
          </params>
          <reporter-output>
          </reporter-output>
        </test-method> <!-- testToVerifyPlanetNameInApiResponse -->
        <test-method status="PASS" signature="testToVerifyPlanetNameInApiResponse(java.lang.String)[pri:0, instance:com.api.task.tests.PlanetApiTest@2096442d]" name="testToVerifyPlanetNameInApiResponse" duration-ms="0" started-at="2018-10-26T16:47:52Z" data-provider="planetNames" finished-at="2018-10-26T16:47:52Z">
          <params>
            <param index="0">
              <value>
                <![CDATA[Vulpter]]>
              </value>
            </param>
          </params>
          <reporter-output>
          </reporter-output>
        </test-method> <!-- testToVerifyPlanetNameInApiResponse -->
        <test-method status="PASS" signature="testToVerifyPlanetNameInApiResponse(java.lang.String)[pri:0, instance:com.api.task.tests.PlanetApiTest@2096442d]" name="testToVerifyPlanetNameInApiResponse" duration-ms="1" started-at="2018-10-26T16:47:52Z" data-provider="planetNames" finished-at="2018-10-26T16:47:52Z">
          <params>
            <param index="0">
              <value>
                <![CDATA[Haruun Kal]]>
              </value>
            </param>
          </params>
          <reporter-output>
          </reporter-output>
        </test-method> <!-- testToVerifyPlanetNameInApiResponse -->
        <test-method status="PASS" signature="testToVerifyPlanetNameInApiResponse(java.lang.String)[pri:0, instance:com.api.task.tests.PlanetApiTest@2096442d]" name="testToVerifyPlanetNameInApiResponse" duration-ms="0" started-at="2018-10-26T16:47:52Z" data-provider="planetNames" finished-at="2018-10-26T16:47:52Z">
          <params>
            <param index="0">
              <value>
                <![CDATA[Tund]]>
              </value>
            </param>
          </params>
          <reporter-output>
          </reporter-output>
        </test-method> <!-- testToVerifyPlanetNameInApiResponse -->
        <test-method status="PASS" signature="testToVerifyPlanetNameInApiResponse(java.lang.String)[pri:0, instance:com.api.task.tests.PlanetApiTest@2096442d]" name="testToVerifyPlanetNameInApiResponse" duration-ms="1" started-at="2018-10-26T16:47:52Z" data-provider="planetNames" finished-at="2018-10-26T16:47:52Z">
          <params>
            <param index="0">
              <value>
                <![CDATA[Iridonia]]>
              </value>
            </param>
          </params>
          <reporter-output>
          </reporter-output>
        </test-method> <!-- testToVerifyPlanetNameInApiResponse -->
        <test-method status="PASS" signature="testToVerifyPlanetNameInApiResponse(java.lang.String)[pri:0, instance:com.api.task.tests.PlanetApiTest@2096442d]" name="testToVerifyPlanetNameInApiResponse" duration-ms="0" started-at="2018-10-26T16:47:52Z" data-provider="planetNames" finished-at="2018-10-26T16:47:52Z">
          <params>
            <param index="0">
              <value>
                <![CDATA[Glee Anselm]]>
              </value>
            </param>
          </params>
          <reporter-output>
          </reporter-output>
        </test-method> <!-- testToVerifyPlanetNameInApiResponse -->
        <test-method status="PASS" signature="testToVerifyPlanetNameInApiResponse(java.lang.String)[pri:0, instance:com.api.task.tests.PlanetApiTest@2096442d]" name="testToVerifyPlanetNameInApiResponse" duration-ms="0" started-at="2018-10-26T16:47:52Z" data-provider="planetNames" finished-at="2018-10-26T16:47:52Z">
          <params>
            <param index="0">
              <value>
                <![CDATA[Cerea]]>
              </value>
            </param>
          </params>
          <reporter-output>
          </reporter-output>
        </test-method> <!-- testToVerifyPlanetNameInApiResponse -->
        <test-method status="PASS" signature="testToVerifyPlanetNameInApiResponse(java.lang.String)[pri:0, instance:com.api.task.tests.PlanetApiTest@2096442d]" name="testToVerifyPlanetNameInApiResponse" duration-ms="1" started-at="2018-10-26T16:47:52Z" data-provider="planetNames" finished-at="2018-10-26T16:47:52Z">
          <params>
            <param index="0">
              <value>
                <![CDATA[Dorin]]>
              </value>
            </param>
          </params>
          <reporter-output>
          </reporter-output>
        </test-method> <!-- testToVerifyPlanetNameInApiResponse -->
        <test-method status="PASS" signature="testToVerifyPlanetNameInApiResponse(java.lang.String)[pri:0, instance:com.api.task.tests.PlanetApiTest@2096442d]" name="testToVerifyPlanetNameInApiResponse" duration-ms="0" started-at="2018-10-26T16:47:52Z" data-provider="planetNames" finished-at="2018-10-26T16:47:52Z">
          <params>
            <param index="0">
              <value>
                <![CDATA[Quermia]]>
              </value>
            </param>
          </params>
          <reporter-output>
          </reporter-output>
        </test-method> <!-- testToVerifyPlanetNameInApiResponse -->
        <test-method status="PASS" signature="testToVerifyPlanetNameInApiResponse(java.lang.String)[pri:0, instance:com.api.task.tests.PlanetApiTest@2096442d]" name="testToVerifyPlanetNameInApiResponse" duration-ms="0" started-at="2018-10-26T16:47:52Z" data-provider="planetNames" finished-at="2018-10-26T16:47:52Z">
          <params>
            <param index="0">
              <value>
                <![CDATA[Tholoth]]>
              </value>
            </param>
          </params>
          <reporter-output>
          </reporter-output>
        </test-method> <!-- testToVerifyPlanetNameInApiResponse -->
        <test-method status="PASS" signature="testToVerifyPlanetNameInApiResponse(java.lang.String)[pri:0, instance:com.api.task.tests.PlanetApiTest@2096442d]" name="testToVerifyPlanetNameInApiResponse" duration-ms="0" started-at="2018-10-26T16:47:52Z" data-provider="planetNames" finished-at="2018-10-26T16:47:52Z">
          <params>
            <param index="0">
              <value>
                <![CDATA[Iktotch]]>
              </value>
            </param>
          </params>
          <reporter-output>
          </reporter-output>
        </test-method> <!-- testToVerifyPlanetNameInApiResponse -->
        <test-method status="PASS" signature="testToVerifyPlanetNameInApiResponse(java.lang.String)[pri:0, instance:com.api.task.tests.PlanetApiTest@2096442d]" name="testToVerifyPlanetNameInApiResponse" duration-ms="0" started-at="2018-10-26T16:47:52Z" data-provider="planetNames" finished-at="2018-10-26T16:47:52Z">
          <params>
            <param index="0">
              <value>
                <![CDATA[Mirial]]>
              </value>
            </param>
          </params>
          <reporter-output>
          </reporter-output>
        </test-method> <!-- testToVerifyPlanetNameInApiResponse -->
        <test-method status="PASS" signature="testToVerifyPlanetNameInApiResponse(java.lang.String)[pri:0, instance:com.api.task.tests.PlanetApiTest@2096442d]" name="testToVerifyPlanetNameInApiResponse" duration-ms="0" started-at="2018-10-26T16:47:52Z" data-provider="planetNames" finished-at="2018-10-26T16:47:52Z">
          <params>
            <param index="0">
              <value>
                <![CDATA[Champala]]>
              </value>
            </param>
          </params>
          <reporter-output>
          </reporter-output>
        </test-method> <!-- testToVerifyPlanetNameInApiResponse -->
        <test-method status="PASS" signature="testToVerifyPlanetNameInApiResponse(java.lang.String)[pri:0, instance:com.api.task.tests.PlanetApiTest@2096442d]" name="testToVerifyPlanetNameInApiResponse" duration-ms="0" started-at="2018-10-26T16:47:52Z" data-provider="planetNames" finished-at="2018-10-26T16:47:52Z">
          <params>
            <param index="0">
              <value>
                <![CDATA[Serenno]]>
              </value>
            </param>
          </params>
          <reporter-output>
          </reporter-output>
        </test-method> <!-- testToVerifyPlanetNameInApiResponse -->
        <test-method status="PASS" signature="testToVerifyPlanetNameInApiResponse(java.lang.String)[pri:0, instance:com.api.task.tests.PlanetApiTest@2096442d]" name="testToVerifyPlanetNameInApiResponse" duration-ms="0" started-at="2018-10-26T16:47:52Z" data-provider="planetNames" finished-at="2018-10-26T16:47:52Z">
          <params>
            <param index="0">
              <value>
                <![CDATA[Concord Dawn]]>
              </value>
            </param>
          </params>
          <reporter-output>
          </reporter-output>
        </test-method> <!-- testToVerifyPlanetNameInApiResponse -->
        <test-method status="PASS" signature="testToVerifyPlanetNameInApiResponse(java.lang.String)[pri:0, instance:com.api.task.tests.PlanetApiTest@2096442d]" name="testToVerifyPlanetNameInApiResponse" duration-ms="1" started-at="2018-10-26T16:47:52Z" data-provider="planetNames" finished-at="2018-10-26T16:47:52Z">
          <params>
            <param index="0">
              <value>
                <![CDATA[Zolan]]>
              </value>
            </param>
          </params>
          <reporter-output>
          </reporter-output>
        </test-method> <!-- testToVerifyPlanetNameInApiResponse -->
        <test-method status="PASS" signature="testToVerifyPlanetNameInApiResponse(java.lang.String)[pri:0, instance:com.api.task.tests.PlanetApiTest@2096442d]" name="testToVerifyPlanetNameInApiResponse" duration-ms="1" started-at="2018-10-26T16:47:52Z" data-provider="planetNames" finished-at="2018-10-26T16:47:52Z">
          <params>
            <param index="0">
              <value>
                <![CDATA[Shili]]>
              </value>
            </param>
          </params>
          <reporter-output>
          </reporter-output>
        </test-method> <!-- testToVerifyPlanetNameInApiResponse -->
        <test-method status="PASS" signature="testToVerifyPlanetNameInApiResponse(java.lang.String)[pri:0, instance:com.api.task.tests.PlanetApiTest@2096442d]" name="testToVerifyPlanetNameInApiResponse" duration-ms="0" started-at="2018-10-26T16:47:52Z" data-provider="planetNames" finished-at="2018-10-26T16:47:52Z">
          <params>
            <param index="0">
              <value>
                <![CDATA[Muunilinst]]>
              </value>
            </param>
          </params>
          <reporter-output>
          </reporter-output>
        </test-method> <!-- testToVerifyPlanetNameInApiResponse -->
        <test-method status="PASS" signature="testToVerifyPlanetNameInApiResponse(java.lang.String)[pri:0, instance:com.api.task.tests.PlanetApiTest@2096442d]" name="testToVerifyPlanetNameInApiResponse" duration-ms="0" started-at="2018-10-26T16:47:52Z" data-provider="planetNames" finished-at="2018-10-26T16:47:52Z">
          <params>
            <param index="0">
              <value>
                <![CDATA[Ojom]]>
              </value>
            </param>
          </params>
          <reporter-output>
          </reporter-output>
        </test-method> <!-- testToVerifyPlanetNameInApiResponse -->
        <test-method status="PASS" signature="testToVerifyPlanetNameInApiResponse(java.lang.String)[pri:0, instance:com.api.task.tests.PlanetApiTest@2096442d]" name="testToVerifyPlanetNameInApiResponse" duration-ms="0" started-at="2018-10-26T16:47:52Z" data-provider="planetNames" finished-at="2018-10-26T16:47:52Z">
          <params>
            <param index="0">
              <value>
                <![CDATA[Skako]]>
              </value>
            </param>
          </params>
          <reporter-output>
          </reporter-output>
        </test-method> <!-- testToVerifyPlanetNameInApiResponse -->
        <test-method status="PASS" signature="testToVerifyPlanetNameInApiResponse(java.lang.String)[pri:0, instance:com.api.task.tests.PlanetApiTest@2096442d]" name="testToVerifyPlanetNameInApiResponse" duration-ms="1" started-at="2018-10-26T16:47:52Z" data-provider="planetNames" finished-at="2018-10-26T16:47:52Z">
          <params>
            <param index="0">
              <value>
                <![CDATA[Jakku]]>
              </value>
            </param>
          </params>
          <reporter-output>
          </reporter-output>
        </test-method> <!-- testToVerifyPlanetNameInApiResponse -->
        <test-method status="PASS" signature="testToVerifyPlanetNameInApiResponse(java.lang.String)[pri:0, instance:com.api.task.tests.PlanetApiTest@2096442d]" name="testToVerifyPlanetNameInApiResponse" duration-ms="0" started-at="2018-10-26T16:47:52Z" data-provider="planetNames" finished-at="2018-10-26T16:47:52Z">
          <params>
            <param index="0">
              <value>
                <![CDATA[Tatooine]]>
              </value>
            </param>
          </params>
          <reporter-output>
          </reporter-output>
        </test-method> <!-- testToVerifyPlanetNameInApiResponse -->
        <test-method status="PASS" signature="testToVerifyPlanetNameInApiResponse(java.lang.String)[pri:0, instance:com.api.task.tests.PlanetApiTest@2096442d]" name="testToVerifyPlanetNameInApiResponse" duration-ms="0" started-at="2018-10-26T16:47:52Z" data-provider="planetNames" finished-at="2018-10-26T16:47:52Z">
          <params>
            <param index="0">
              <value>
                <![CDATA[Kalee]]>
              </value>
            </param>
          </params>
          <reporter-output>
          </reporter-output>
        </test-method> <!-- testToVerifyPlanetNameInApiResponse -->
        <test-method status="PASS" signature="testToVerifyPlanetNameInApiResponse(java.lang.String)[pri:0, instance:com.api.task.tests.PlanetApiTest@2096442d]" name="testToVerifyPlanetNameInApiResponse" duration-ms="0" started-at="2018-10-26T16:47:52Z" data-provider="planetNames" finished-at="2018-10-26T16:47:52Z">
          <params>
            <param index="0">
              <value>
                <![CDATA[Umbara]]>
              </value>
            </param>
          </params>
          <reporter-output>
          </reporter-output>
        </test-method> <!-- testToVerifyPlanetNameInApiResponse -->
        <test-method status="PASS" signature="testToVerifyPlanetNameToClimate(java.lang.String, java.lang.String)[pri:0, instance:com.api.task.tests.PlanetApiTest@2096442d]" name="testToVerifyPlanetNameToClimate" duration-ms="1" started-at="2018-10-26T16:47:52Z" data-provider="planetNameAndClimate" finished-at="2018-10-26T16:47:52Z">
          <params>
            <param index="0">
              <value>
                <![CDATA[Alderaan]]>
              </value>
            </param>
            <param index="1">
              <value>
                <![CDATA[temperate]]>
              </value>
            </param>
          </params>
          <reporter-output>
          </reporter-output>
        </test-method> <!-- testToVerifyPlanetNameToClimate -->
        <test-method status="PASS" signature="testToVerifyPlanetNameToClimate(java.lang.String, java.lang.String)[pri:0, instance:com.api.task.tests.PlanetApiTest@2096442d]" name="testToVerifyPlanetNameToClimate" duration-ms="0" started-at="2018-10-26T16:47:52Z" data-provider="planetNameAndClimate" finished-at="2018-10-26T16:47:52Z">
          <params>
            <param index="0">
              <value>
                <![CDATA[Yavin IV]]>
              </value>
            </param>
            <param index="1">
              <value>
                <![CDATA[temperate, tropical]]>
              </value>
            </param>
[...]
                <![CDATA[Iktotch]]>
              </value>
            </param>
            <param index="1">
              <value>
                <![CDATA[https://swapi.co/api/planets/47/]]>
              </value>
            </param>
          </params>
          <reporter-output>
          </reporter-output>
        </test-method> <!-- testToVerifyPlanetNameToUrl -->
        <test-method status="PASS" signature="testToVerifyPlanetNameToUrl(java.lang.String, java.lang.String)[pri:0, instance:com.api.task.tests.PlanetApiTest@2096442d]" name="testToVerifyPlanetNameToUrl" duration-ms="0" started-at="2018-10-26T16:47:53Z" data-provider="planetNameAndUrl" finished-at="2018-10-26T16:47:53Z">
          <params>
            <param index="0">
              <value>
                <![CDATA[Cerea]]>
              </value>
            </param>
            <param index="1">
              <value>
                <![CDATA[https://swapi.co/api/planets/43/]]>
              </value>
            </param>
          </params>
          <reporter-output>
          </reporter-output>
        </test-method> <!-- testToVerifyPlanetNameToUrl -->
        <test-method status="PASS" signature="testToVerifyPlanetNameToUrl(java.lang.String, java.lang.String)[pri:0, instance:com.api.task.tests.PlanetApiTest@2096442d]" name="testToVerifyPlanetNameToUrl" duration-ms="0" started-at="2018-10-26T16:47:53Z" data-provider="planetNameAndUrl" finished-at="2018-10-26T16:47:53Z">
          <params>
            <param index="0">
              <value>
                <![CDATA[Glee Anselm]]>
              </value>
            </param>
            <param index="1">
              <value>
                <![CDATA[https://swapi.co/api/planets/44/]]>
              </value>
            </param>
          </params>
          <reporter-output>
          </reporter-output>
        </test-method> <!-- testToVerifyPlanetNameToUrl -->
        <test-method status="PASS" signature="testToVerifyPlanetNameToUrl(java.lang.String, java.lang.String)[pri:0, instance:com.api.task.tests.PlanetApiTest@2096442d]" name="testToVerifyPlanetNameToUrl" duration-ms="0" started-at="2018-10-26T16:47:53Z" data-provider="planetNameAndUrl" finished-at="2018-10-26T16:47:53Z">
          <params>
            <param index="0">
              <value>
                <![CDATA[Iridonia]]>
              </value>
            </param>
            <param index="1">
              <value>
                <![CDATA[https://swapi.co/api/planets/45/]]>
              </value>
            </param>
          </params>
          <reporter-output>
          </reporter-output>
        </test-method> <!-- testToVerifyPlanetNameToUrl -->
        <test-method status="PASS" signature="testToVerifyPlanetNameToUrl(java.lang.String, java.lang.String)[pri:0, instance:com.api.task.tests.PlanetApiTest@2096442d]" name="testToVerifyPlanetNameToUrl" duration-ms="1" started-at="2018-10-26T16:47:53Z" data-provider="planetNameAndUrl" finished-at="2018-10-26T16:47:53Z">
          <params>
            <param index="0">
              <value>
                <![CDATA[Quermia]]>
              </value>
            </param>
            <param index="1">
              <value>
                <![CDATA[https://swapi.co/api/planets/48/]]>
              </value>
            </param>
          </params>
          <reporter-output>
          </reporter-output>
        </test-method> <!-- testToVerifyPlanetNameToUrl -->
        <test-method status="PASS" signature="testToVerifyPlanetNameToUrl(java.lang.String, java.lang.String)[pri:0, instance:com.api.task.tests.PlanetApiTest@2096442d]" name="testToVerifyPlanetNameToUrl" duration-ms="0" started-at="2018-10-26T16:47:53Z" data-provider="planetNameAndUrl" finished-at="2018-10-26T16:47:53Z">
          <params>
            <param index="0">
              <value>
                <![CDATA[Haruun Kal]]>
              </value>
            </param>
            <param index="1">
              <value>
                <![CDATA[https://swapi.co/api/planets/42/]]>
              </value>
            </param>
          </params>
          <reporter-output>
          </reporter-output>
        </test-method> <!-- testToVerifyPlanetNameToUrl -->
        <test-method status="PASS" signature="testToVerifyPlanetNameToUrl(java.lang.String, java.lang.String)[pri:0, instance:com.api.task.tests.PlanetApiTest@2096442d]" name="testToVerifyPlanetNameToUrl" duration-ms="0" started-at="2018-10-26T16:47:53Z" data-provider="planetNameAndUrl" finished-at="2018-10-26T16:47:53Z">
          <params>
            <param index="0">
              <value>
                <![CDATA[Tund]]>
              </value>
            </param>
            <param index="1">
              <value>
                <![CDATA[https://swapi.co/api/planets/41/]]>
              </value>
            </param>
          </params>
          <reporter-output>
          </reporter-output>
        </test-method> <!-- testToVerifyPlanetNameToUrl -->
        <test-method status="PASS" signature="testToVerifyPlanetNameToUrl(java.lang.String, java.lang.String)[pri:0, instance:com.api.task.tests.PlanetApiTest@2096442d]" name="testToVerifyPlanetNameToUrl" duration-ms="0" started-at="2018-10-26T16:47:53Z" data-provider="planetNameAndUrl" finished-at="2018-10-26T16:47:53Z">
          <params>
            <param index="0">
              <value>
                <![CDATA[Zolan]]>
              </value>
            </param>
            <param index="1">
              <value>
                <![CDATA[https://swapi.co/api/planets/54/]]>
              </value>
            </param>
          </params>
          <reporter-output>
          </reporter-output>
        </test-method> <!-- testToVerifyPlanetNameToUrl -->
        <test-method status="PASS" signature="testToVerifyPlanetNameToUrl(java.lang.String, java.lang.String)[pri:0, instance:com.api.task.tests.PlanetApiTest@2096442d]" name="testToVerifyPlanetNameToUrl" duration-ms="0" started-at="2018-10-26T16:47:53Z" data-provider="planetNameAndUrl" finished-at="2018-10-26T16:47:53Z">
          <params>
            <param index="0">
              <value>
                <![CDATA[Mirial]]>
              </value>
            </param>
            <param index="1">
              <value>
                <![CDATA[https://swapi.co/api/planets/51/]]>
              </value>
            </param>
          </params>
          <reporter-output>
          </reporter-output>
        </test-method> <!-- testToVerifyPlanetNameToUrl -->
        <test-method status="PASS" signature="testToVerifyPlanetNameToUrl(java.lang.String, java.lang.String)[pri:0, instance:com.api.task.tests.PlanetApiTest@2096442d]" name="testToVerifyPlanetNameToUrl" duration-ms="0" started-at="2018-10-26T16:47:53Z" data-provider="planetNameAndUrl" finished-at="2018-10-26T16:47:53Z">
          <params>
            <param index="0">
              <value>
                <![CDATA[Serenno]]>
              </value>
            </param>
            <param index="1">
              <value>
                <![CDATA[https://swapi.co/api/planets/52/]]>
              </value>
            </param>
          </params>
          <reporter-output>
          </reporter-output>
        </test-method> <!-- testToVerifyPlanetNameToUrl -->
        <test-method status="PASS" signature="testToVerifyPlanetNameToUrl(java.lang.String, java.lang.String)[pri:0, instance:com.api.task.tests.PlanetApiTest@2096442d]" name="testToVerifyPlanetNameToUrl" duration-ms="0" started-at="2018-10-26T16:47:53Z" data-provider="planetNameAndUrl" finished-at="2018-10-26T16:47:53Z">
          <params>
            <param index="0">
              <value>
                <![CDATA[Dorin]]>
              </value>
            </param>
            <param index="1">
              <value>
                <![CDATA[https://swapi.co/api/planets/49/]]>
              </value>
            </param>
          </params>
          <reporter-output>
          </reporter-output>
        </test-method> <!-- testToVerifyPlanetNameToUrl -->
        <test-method status="PASS" signature="testToVerifyPlanetNameToUrl(java.lang.String, java.lang.String)[pri:0, instance:com.api.task.tests.PlanetApiTest@2096442d]" name="testToVerifyPlanetNameToUrl" duration-ms="0" started-at="2018-10-26T16:47:53Z" data-provider="planetNameAndUrl" finished-at="2018-10-26T16:47:53Z">
          <params>
            <param index="0">
              <value>
                <![CDATA[Ojom]]>
              </value>
            </param>
            <param index="1">
              <value>
                <![CDATA[https://swapi.co/api/planets/55/]]>
              </value>
            </param>
          </params>
          <reporter-output>
          </reporter-output>
        </test-method> <!-- testToVerifyPlanetNameToUrl -->
        <test-method status="PASS" signature="testToVerifyPlanetNameToUrl(java.lang.String, java.lang.String)[pri:0, instance:com.api.task.tests.PlanetApiTest@2096442d]" name="testToVerifyPlanetNameToUrl" duration-ms="0" started-at="2018-10-26T16:47:53Z" data-provider="planetNameAndUrl" finished-at="2018-10-26T16:47:53Z">
          <params>
            <param index="0">
              <value>
                <![CDATA[Concord Dawn]]>
              </value>
            </param>
            <param index="1">
              <value>
                <![CDATA[https://swapi.co/api/planets/53/]]>
              </value>
            </param>
          </params>
          <reporter-output>
          </reporter-output>
        </test-method> <!-- testToVerifyPlanetNameToUrl -->
        <test-method status="PASS" signature="testToVerifyPlanetNameToUrl(java.lang.String, java.lang.String)[pri:0, instance:com.api.task.tests.PlanetApiTest@2096442d]" name="testToVerifyPlanetNameToUrl" duration-ms="0" started-at="2018-10-26T16:47:53Z" data-provider="planetNameAndUrl" finished-at="2018-10-26T16:47:53Z">
          <params>
            <param index="0">
              <value>
                <![CDATA[Champala]]>
              </value>
            </param>
            <param index="1">
              <value>
                <![CDATA[https://swapi.co/api/planets/50/]]>
              </value>
            </param>
          </params>
          <reporter-output>
          </reporter-output>
        </test-method> <!-- testToVerifyPlanetNameToUrl -->
        <test-method status="PASS" signature="testToVerifyPlanetNameToUrl(java.lang.String, java.lang.String)[pri:0, instance:com.api.task.tests.PlanetApiTest@2096442d]" name="testToVerifyPlanetNameToUrl" duration-ms="0" started-at="2018-10-26T16:47:53Z" data-provider="planetNameAndUrl" finished-at="2018-10-26T16:47:53Z">
          <params>
            <param index="0">
              <value>
                <![CDATA[Shili]]>
              </value>
            </param>
            <param index="1">
              <value>
                <![CDATA[https://swapi.co/api/planets/58/]]>
              </value>
            </param>
          </params>
          <reporter-output>
          </reporter-output>
        </test-method> <!-- testToVerifyPlanetNameToUrl -->
        <test-method status="PASS" signature="testToVerifyPlanetNameToUrl(java.lang.String, java.lang.String)[pri:0, instance:com.api.task.tests.PlanetApiTest@2096442d]" name="testToVerifyPlanetNameToUrl" duration-ms="0" started-at="2018-10-26T16:47:53Z" data-provider="planetNameAndUrl" finished-at="2018-10-26T16:47:53Z">
          <params>
            <param index="0">
              <value>
                <![CDATA[Muunilinst]]>
              </value>
            </param>
            <param index="1">
              <value>
                <![CDATA[https://swapi.co/api/planets/57/]]>
              </value>
            </param>
          </params>
          <reporter-output>
          </reporter-output>
        </test-method> <!-- testToVerifyPlanetNameToUrl -->
        <test-method status="PASS" signature="testToVerifyPlanetNameToUrl(java.lang.String, java.lang.String)[pri:0, instance:com.api.task.tests.PlanetApiTest@2096442d]" name="testToVerifyPlanetNameToUrl" duration-ms="0" started-at="2018-10-26T16:47:53Z" data-provider="planetNameAndUrl" finished-at="2018-10-26T16:47:53Z">
          <params>
            <param index="0">
              <value>
                <![CDATA[Umbara]]>
              </value>
            </param>
            <param index="1">
              <value>
                <![CDATA[https://swapi.co/api/planets/60/]]>
              </value>
            </param>
          </params>
          <reporter-output>
          </reporter-output>
        </test-method> <!-- testToVerifyPlanetNameToUrl -->
        <test-method status="PASS" signature="testToVerifyPlanetNameToUrl(java.lang.String, java.lang.String)[pri:0, instance:com.api.task.tests.PlanetApiTest@2096442d]" name="testToVerifyPlanetNameToUrl" duration-ms="0" started-at="2018-10-26T16:47:53Z" data-provider="planetNameAndUrl" finished-at="2018-10-26T16:47:53Z">
          <params>
            <param index="0">
              <value>
                <![CDATA[Tatooine]]>
              </value>
            </param>
            <param index="1">
              <value>
                <![CDATA[https://swapi.co/api/planets/1/]]>
              </value>
            </param>
          </params>
          <reporter-output>
          </reporter-output>
        </test-method> <!-- testToVerifyPlanetNameToUrl -->
        <test-method status="PASS" signature="testToVerifyPlanetNameToUrl(java.lang.String, java.lang.String)[pri:0, instance:com.api.task.tests.PlanetApiTest@2096442d]" name="testToVerifyPlanetNameToUrl" duration-ms="0" started-at="2018-10-26T16:47:53Z" data-provider="planetNameAndUrl" finished-at="2018-10-26T16:47:53Z">
          <params>
            <param index="0">
              <value>
                <![CDATA[Jakku]]>
              </value>
            </param>
            <param index="1">
              <value>
                <![CDATA[https://swapi.co/api/planets/61/]]>
              </value>
            </param>
          </params>
          <reporter-output>
          </reporter-output>
        </test-method> <!-- testToVerifyPlanetNameToUrl -->
        <test-method status="PASS" signature="testToVerifyPlanetNameToUrl(java.lang.String, java.lang.String)[pri:0, instance:com.api.task.tests.PlanetApiTest@2096442d]" name="testToVerifyPlanetNameToUrl" duration-ms="0" started-at="2018-10-26T16:47:53Z" data-provider="planetNameAndUrl" finished-at="2018-10-26T16:47:53Z">
          <params>
            <param index="0">
              <value>
                <![CDATA[Skako]]>
              </value>
            </param>
            <param index="1">
              <value>
                <![CDATA[https://swapi.co/api/planets/56/]]>
              </value>
            </param>
          </params>
          <reporter-output>
          </reporter-output>
        </test-method> <!-- testToVerifyPlanetNameToUrl -->
        <test-method status="PASS" signature="testToVerifyPlanetNameToUrl(java.lang.String, java.lang.String)[pri:0, instance:com.api.task.tests.PlanetApiTest@2096442d]" name="testToVerifyPlanetNameToUrl" duration-ms="0" started-at="2018-10-26T16:47:53Z" data-provider="planetNameAndUrl" finished-at="2018-10-26T16:47:53Z">
          <params>
            <param index="0">
              <value>
                <![CDATA[Kalee]]>
              </value>
            </param>
            <param index="1">
              <value>
                <![CDATA[https://swapi.co/api/planets/59/]]>
              </value>
            </param>
          </params>
          <reporter-output>
          </reporter-output>
        </test-method> <!-- testToVerifyPlanetNameToUrl -->
        <test-method status="PASS" signature="testToVerifyResponseForInvalidApiUrl()[pri:0, instance:com.api.task.tests.PlanetApiTest@2096442d]" name="testToVerifyResponseForInvalidApiUrl" duration-ms="154" started-at="2018-10-26T16:47:53Z" finished-at="2018-10-26T16:47:53Z">
          <reporter-output>
          </reporter-output>
        </test-method> <!-- testToVerifyResponseForInvalidApiUrl -->
        <test-method status="FAIL" signature="testToVerifyStatusCodeForGetAllPlanetApi()[pri:0, instance:com.api.task.tests.PlanetApiTest@2096442d]" name="testToVerifyStatusCodeForGetAllPlanetApi" duration-ms="2" started-at="2018-10-26T16:47:53Z" finished-at="2018-10-26T16:47:53Z">
          <exception class="java.lang.AssertionError">
            <message>
              <![CDATA[The following asserts failed:
Response status code is not 200, instead 404 for API : https://swapi.co/api/planets expected [true] but found [false]]]>
            </message>
            <full-stacktrace>
              <![CDATA[java.lang.AssertionError: The following asserts failed:
Response status code is not 200, instead 404 for API : https://swapi.co/api/planets expected [true] but found [false]
at org.testng.asserts.SoftAssert.assertAll(SoftAssert.java:43)
at com.api.task.tests.PlanetApiTest.testToVerifyStatusCodeForGetAllPlanetApi(PlanetApiTest.java:58)
at sun.reflect.NativeMethodAccessorImpl.invoke0(Native Method)
at sun.reflect.NativeMethodAccessorImpl.invoke(NativeMethodAccessorImpl.java:62)
at sun.reflect.DelegatingMethodAccessorImpl.invoke(DelegatingMethodAccessorImpl.java:43)
at java.lang.reflect.Method.invoke(Method.java:498)
at org.testng.internal.MethodInvocationHelper.invokeMethod(MethodInvocationHelper.java:124)
at org.testng.internal.Invoker.invokeMethod(Invoker.java:583)
at org.testng.internal.Invoker.invokeTestMethod(Invoker.java:719)
at org.testng.internal.Invoker.invokeTestMethods(Invoker.java:989)
at org.testng.internal.TestMethodWorker.invokeTestMethods(TestMethodWorker.java:125)
at org.testng.internal.TestMethodWorker.run(TestMethodWorker.java:109)
at org.testng.TestRunner.privateRun(TestRunner.java:648)
at org.testng.TestRunner.run(TestRunner.java:505)
at org.testng.SuiteRunner.runTest(SuiteRunner.java:455)
at org.testng.SuiteRunner.runSequentially(SuiteRunner.java:450)
at org.testng.SuiteRunner.privateRun(SuiteRunner.java:415)
at org.testng.SuiteRunner.run(SuiteRunner.java:364)
at org.testng.SuiteRunnerWorker.runSuite(SuiteRunnerWorker.java:52)
at org.testng.SuiteRunnerWorker.run(SuiteRunnerWorker.java:84)
at org.testng.TestNG.runSuitesSequentially(TestNG.java:1208)
at org.testng.TestNG.runSuitesLocally(TestNG.java:1137)
at org.testng.TestNG.runSuites(TestNG.java:1049)
at org.testng.TestNG.run(TestNG.java:1017)
at org.apache.maven.surefire.testng.TestNGExecutor.run(TestNGExecutor.java:77)
at org.apache.maven.surefire.testng.TestNGDirectoryTestSuite.executeMulti(TestNGDirectoryTestSuite.java:159)
at org.apache.maven.surefire.testng.TestNGDirectoryTestSuite.execute(TestNGDirectoryTestSuite.java:99)
at org.apache.maven.surefire.testng.TestNGProvider.invoke(TestNGProvider.java:106)
at sun.reflect.NativeMethodAccessorImpl.invoke0(Native Method)
at sun.reflect.NativeMethodAccessorImpl.invoke(NativeMethodAccessorImpl.java:62)
at sun.reflect.DelegatingMethodAccessorImpl.invoke(DelegatingMethodAccessorImpl.java:43)
at java.lang.reflect.Method.invoke(Method.java:498)
at org.apache.maven.surefire.util.ReflectionUtils.invokeMethodWithArray(ReflectionUtils.java:189)
at org.apache.maven.surefire.booter.ProviderFactory$ProviderProxy.invoke(ProviderFactory.java:165)
at org.apache.maven.surefire.booter.ProviderFactory.invokeProvider(ProviderFactory.java:85)
at org.apache.maven.surefire.booter.ForkedBooter.runSuitesInProcess(ForkedBooter.java:115)
at org.apache.maven.surefire.booter.ForkedBooter.main(ForkedBooter.java:75)
]]>
            </full-stacktrace>
          </exception> <!-- java.lang.AssertionError -->
          <reporter-output>
          </reporter-output>
        </test-method> <!-- testToVerifyStatusCodeForGetAllPlanetApi -->
      </class> <!-- com.api.task.tests.PlanetApiTest -->
    </test> <!-- Command line test -->
  </suite> <!-- Command line suite -->
</testng-results>
